<?xml version="1.0" encoding="UTF-8"?>
<!-- Generated by org.testng.reporters.JUnitReportReporter -->
<testsuite hostname="DESKTOP-HT0SLBL" failures="0" tests="1" name="com.ohrm.testcases.TestCase01" time="39.378" errors="0" timestamp="2021-12-25T23:26:12 IST" skipped="0">
  <testcase classname="com.ohrm.testcases.TestCase01" name="testcase01" time="39.378"/>
  <system-out/>
</testsuite> <!-- com.ohrm.testcases.TestCase01 -->
